[debug] [2025-07-08T20:30:36.776Z] ----------------------------------------------------------------------
[debug] [2025-07-08T20:30:36.778Z] Command:       Z:\Node\node.exe C:\Users\Mahrad\AppData\Roaming\npm\node_modules\firebase-tools\lib\bin\firebase.js deploy --only hosting --project kitchen-shamshiri
[debug] [2025-07-08T20:30:36.779Z] CLI Version:   13.20.2
[debug] [2025-07-08T20:30:36.779Z] Platform:      win32
[debug] [2025-07-08T20:30:36.780Z] Node Version:  v18.17.0
[debug] [2025-07-08T20:30:36.780Z] Time:          Tue Jul 08 2025 16:30:36 GMT-0400 (Eastern Daylight Saving Time)
[debug] [2025-07-08T20:30:36.781Z] ----------------------------------------------------------------------
[debug] 
[debug] [2025-07-08T20:30:36.874Z] > command requires scopes: ["email","openid","https://www.googleapis.com/auth/cloudplatformprojects.readonly","https://www.googleapis.com/auth/firebase","https://www.googleapis.com/auth/cloud-platform"]
[debug] [2025-07-08T20:30:36.875Z] > authorizing via signed-in user (themahradsh@gmail.com)
[debug] [2025-07-08T20:30:36.875Z] [iam] checking project kitchen-shamshiri for permissions ["firebase.projects.get","firebasehosting.sites.update"]
[debug] [2025-07-08T20:30:36.876Z] Checked if tokens are valid: true, expires at: 1752009977227
[debug] [2025-07-08T20:30:36.877Z] Checked if tokens are valid: true, expires at: 1752009977227
[debug] [2025-07-08T20:30:36.878Z] >>> [apiv2][query] POST https://cloudresourcemanager.googleapis.com/v1/projects/kitchen-shamshiri:testIamPermissions [none]
[debug] [2025-07-08T20:30:36.878Z] >>> [apiv2][(partial)header] POST https://cloudresourcemanager.googleapis.com/v1/projects/kitchen-shamshiri:testIamPermissions x-goog-quota-user=projects/kitchen-shamshiri
[debug] [2025-07-08T20:30:36.878Z] >>> [apiv2][body] POST https://cloudresourcemanager.googleapis.com/v1/projects/kitchen-shamshiri:testIamPermissions {"permissions":["firebase.projects.get","firebasehosting.sites.update"]}
[debug] [2025-07-08T20:30:37.262Z] <<< [apiv2][status] POST https://cloudresourcemanager.googleapis.com/v1/projects/kitchen-shamshiri:testIamPermissions 200
[debug] [2025-07-08T20:30:37.262Z] <<< [apiv2][body] POST https://cloudresourcemanager.googleapis.com/v1/projects/kitchen-shamshiri:testIamPermissions {"permissions":["firebase.projects.get","firebasehosting.sites.update"]}
[debug] [2025-07-08T20:30:37.263Z] Checked if tokens are valid: true, expires at: 1752009977227
[debug] [2025-07-08T20:30:37.263Z] Checked if tokens are valid: true, expires at: 1752009977227
[debug] [2025-07-08T20:30:37.264Z] >>> [apiv2][query] GET https://firebase.googleapis.com/v1beta1/projects/kitchen-shamshiri [none]
[debug] [2025-07-08T20:30:37.667Z] <<< [apiv2][status] GET https://firebase.googleapis.com/v1beta1/projects/kitchen-shamshiri 200
[debug] [2025-07-08T20:30:37.668Z] <<< [apiv2][body] GET https://firebase.googleapis.com/v1beta1/projects/kitchen-shamshiri {"projectId":"kitchen-shamshiri","projectNumber":"216400044331","displayName":"Kitchen-shamshiri","name":"projects/kitchen-shamshiri","resources":{"hostingSite":"kitchen-shamshiri"},"state":"ACTIVE","etag":"1_1871b112-5fce-46e3-8932-e042f192f8e1"}
[debug] [2025-07-08T20:30:45.177Z] Checked if tokens are valid: true, expires at: 1752009977227
[debug] [2025-07-08T20:30:45.177Z] Checked if tokens are valid: true, expires at: 1752009977227
[debug] [2025-07-08T20:30:45.178Z] >>> [apiv2][query] GET https://firebasehosting.googleapis.com/v1beta1/projects/kitchen-shamshiri/sites pageToken=&pageSize=10
[debug] [2025-07-08T20:30:45.587Z] <<< [apiv2][status] GET https://firebasehosting.googleapis.com/v1beta1/projects/kitchen-shamshiri/sites 200
[debug] [2025-07-08T20:30:45.587Z] <<< [apiv2][body] GET https://firebasehosting.googleapis.com/v1beta1/projects/kitchen-shamshiri/sites {"sites":[{"name":"projects/kitchen-shamshiri/sites/kitchen-shamshiri","defaultUrl":"https://kitchen-shamshiri.web.app","type":"DEFAULT_SITE"}]}
[debug] [2025-07-08T20:30:45.588Z] Checked if tokens are valid: true, expires at: 1752009977227
[debug] [2025-07-08T20:30:45.588Z] Checked if tokens are valid: true, expires at: 1752009977227
[debug] [2025-07-08T20:30:45.588Z] >>> [apiv2][query] GET https://firebasehosting.googleapis.com/v1beta1/projects/kitchen-shamshiri/sites 
[debug] [2025-07-08T20:30:45.942Z] <<< [apiv2][status] GET https://firebasehosting.googleapis.com/v1beta1/projects/kitchen-shamshiri/sites 200
[debug] [2025-07-08T20:30:45.942Z] <<< [apiv2][body] GET https://firebasehosting.googleapis.com/v1beta1/projects/kitchen-shamshiri/sites {"sites":[{"name":"projects/kitchen-shamshiri/sites/kitchen-shamshiri","defaultUrl":"https://kitchen-shamshiri.web.app","type":"DEFAULT_SITE"}]}
[debug] [2025-07-08T20:30:45.942Z] Checked if tokens are valid: true, expires at: 1752009977227
[debug] [2025-07-08T20:30:45.942Z] Checked if tokens are valid: true, expires at: 1752009977227
[debug] [2025-07-08T20:30:45.942Z] >>> [apiv2][query] GET https://firebase.googleapis.com/v1beta1/projects/kitchen-shamshiri/webApps/-/config [none]
[debug] [2025-07-08T20:30:46.273Z] <<< [apiv2][status] GET https://firebase.googleapis.com/v1beta1/projects/kitchen-shamshiri/webApps/-/config 200
[debug] [2025-07-08T20:30:46.273Z] <<< [apiv2][body] GET https://firebase.googleapis.com/v1beta1/projects/kitchen-shamshiri/webApps/-/config {"projectId":"kitchen-shamshiri","appId":"1:216400044331:web:7983c32ea2d2a92e51656e","storageBucket":"kitchen-shamshiri.firebasestorage.app","apiKey":"AIzaSyBGc1PpgUHaFxrkZtEgK4UDT7Jb3_hKVyw","authDomain":"kitchen-shamshiri.firebaseapp.com","messagingSenderId":"216400044331","measurementId":"G-DYDBZH16KD"}
[info] 
   Thank you for trying our early preview of Next.js support on Firebase Hosting.
   During the preview, support is best-effort and breaking changes can be expected. Proceed with caution.
   The integration is known to work with Next.js version 12 - 14.0. You may encounter errors.

   Documentation: https://firebase.google.com/docs/hosting/frameworks/nextjs
   File a bug: https://github.com/firebase/firebase-tools/issues/new?template=bug_report.md
   Submit a feature request: https://github.com/firebase/firebase-tools/issues/new?template=feature_request.md

   We'd love to learn from you. Express your interest in helping us shape the future of Firebase Hosting: https://goo.gle/41enW5X

[debug] [2025-07-08T20:31:01.478Z] Checked if tokens are valid: true, expires at: 1752009977227
[debug] [2025-07-08T20:31:01.478Z] Checked if tokens are valid: true, expires at: 1752009977227
[debug] [2025-07-08T20:31:01.478Z] >>> [apiv2][query] GET https://firebasehosting.googleapis.com/v1beta1/projects/kitchen-shamshiri/sites/kitchen-shamshiri [none]
[debug] [2025-07-08T20:31:01.799Z] <<< [apiv2][status] GET https://firebasehosting.googleapis.com/v1beta1/projects/kitchen-shamshiri/sites/kitchen-shamshiri 200
[debug] [2025-07-08T20:31:01.799Z] <<< [apiv2][body] GET https://firebasehosting.googleapis.com/v1beta1/projects/kitchen-shamshiri/sites/kitchen-shamshiri {"name":"projects/kitchen-shamshiri/sites/kitchen-shamshiri","defaultUrl":"https://kitchen-shamshiri.web.app","type":"DEFAULT_SITE"}
[info]   ▲ Next.js 14.2.30

[info] 

[info]    Creating an optimized production build ...

[info] > [PWA] Compile server

[info] > [PWA] Compile server

[info] > [PWA] Compile client (static)

[info] > [PWA] Auto register service worker with: Z:\Kitchen.shamshiri\node_modules\next-pwa\register.js
> [PWA] Service worker: Z:\Kitchen.shamshiri\public\sw.js
> [PWA]   url: /sw.js

[info] > [PWA]   scope: /

[info] uncaughtException [Error: EPERM: operation not permitted, open 'Z:\Kitchen.shamshiri\.next\trace'] {
  errno: -4048,
  code: 'EPERM',
  syscall: 'open',
  path: 'Z:\\Kitchen.shamshiri\\.next\\trace'
}

[debug] [2025-07-08T20:31:11.775Z] Error: ENOENT: no such file or directory, open 'Z:\Kitchen.shamshiri\.next\export-marker.json'
[error] 
[error] Error: An unexpected error has occurred.
